#
# There is insufficient memory for the Java Runtime Environment to continue.
# Native memory allocation (malloc) failed to allocate 32744 bytes for ChunkPool::allocate
# Possible reasons:
#   The system is out of physical RAM or swap space
#   The process is running with CompressedOops enabled, and the Java Heap may be blocking the growth of the native heap
# Possible solutions:
#   Reduce memory load on the system
#   Increase physical memory or swap space
#   Check if swap backing store is full
#   Decrease Java heap size (-Xmx/-Xms)
#   Decrease number of Java threads
#   Decrease Java thread stack sizes (-Xss)
#   Set larger code cache with -XX:ReservedCodeCacheSize=
#   JVM is running with Unscaled Compressed Oops mode in which the Java heap is
#     placed in the first 4GB address space. The Java Heap base address is the
#     maximum limit for the native heap growth. Please use -XX:HeapBaseMinAddress
#     to set the Java Heap base and to place the Java Heap above 4GB virtual address.
# This output file may be truncated or incomplete.
#
#  Out of Memory Error (allocation.cpp:272), pid=2252, tid=0x0000000000002664
#
# JRE version: OpenJDK Runtime Environment (Zulu 8.52.0.23-CA-win64) (8.0_282-b08) (build 1.8.0_282-b08)
# Java VM: OpenJDK 64-Bit Server VM (25.282-b08 mixed mode windows-amd64 compressed oops)
# Failed to write core dump. Minidumps are not enabled by default on client versions of Windows
#

---------------  T H R E A D  ---------------

Current thread (0x0000000018dc5800):  JavaThread "C2 CompilerThread0" daemon [_thread_in_vm, id=9828, stack(0x00000000198b0000,0x00000000199b0000)]

Stack: [0x00000000198b0000,0x00000000199b0000]
[error occurred during error reporting (printing stack bounds), id 0xc0000005]

Native frames: (J=compiled Java code, j=interpreted, Vv=VM code, C=native code)


Current CompileTask:
C2:  17066 3060   !   4       java.net.URLClassLoader$1::run (63 bytes)


---------------  P R O C E S S  ---------------

Java Threads: ( => current thread )
  0x000000001aa23800 JavaThread "Okio Watchdog" daemon [_thread_blocked, id=7028, stack(0x000000001ffc0000,0x00000000200c0000)]
  0x0000000019681000 JavaThread "OkHttp ConnectionPool" daemon [_thread_blocked, id=11164, stack(0x000000001fcc0000,0x000000001fdc0000)]
  0x000000001bf4f000 JavaThread "ForkJoinPool.commonPool-worker-1" daemon [_thread_blocked, id=7284, stack(0x000000001e9f0000,0x000000001eaf0000)]
  0x000000001a402800 JavaThread "Exec Stream Pumper" daemon [_thread_in_native, id=14804, stack(0x000000001e4f0000,0x000000001e5f0000)]
  0x000000001a401800 JavaThread "Exec Stream Pumper" daemon [_thread_in_native, id=4776, stack(0x000000001e3f0000,0x000000001e4f0000)]
  0x000000001ce09000 JavaThread "UrlChecker-2" daemon [_thread_blocked, id=9124, stack(0x000000001e2f0000,0x000000001e3f0000)]
  0x000000001d4da800 JavaThread "Exec Default Executor" daemon [_thread_in_native, id=1240, stack(0x000000001c890000,0x000000001c990000)]
  0x0000000018df1800 JavaThread "Service Thread" daemon [_thread_blocked, id=13156, stack(0x0000000019bb0000,0x0000000019cb0000)]
  0x0000000018dcb800 JavaThread "C1 CompilerThread2" daemon [_thread_in_vm, id=7996, stack(0x0000000019ab0000,0x0000000019bb0000)]
  0x0000000018dc8800 JavaThread "C2 CompilerThread1" daemon [_thread_in_native, id=14884, stack(0x00000000199b0000,0x0000000019ab0000)]
=>0x0000000018dc5800 JavaThread "C2 CompilerThread0" daemon [_thread_in_vm, id=9828, stack(0x00000000198b0000,0x00000000199b0000)]
  0x0000000018dbd800 JavaThread "Attach Listener" daemon [_thread_blocked, id=15040, stack(0x00000000197b0000,0x00000000198b0000)]
  0x0000000018dba000 JavaThread "Signal Dispatcher" daemon [_thread_blocked, id=6908, stack(0x00000000196b0000,0x00000000197b0000)]
  0x0000000017640000 JavaThread "Finalizer" daemon [_thread_blocked, id=2584, stack(0x00000000188b0000,0x00000000189b0000)]
  0x0000000002a2d800 JavaThread "Reference Handler" daemon [_thread_blocked, id=2424, stack(0x00000000187b0000,0x00000000188b0000)]
  0x000000000293c000 JavaThread "main" [_thread_in_vm, id=15808, stack(0x0000000002750000,0x0000000002850000)]

Other Threads:
  0x0000000017616800 VMThread [stack: 0x00000000186b0000,0x00000000187b0000] [id=11140]
  0x0000000018f03000 WatcherThread [stack: 0x0000000019cb0000,0x0000000019db0000] [id=17204]

VM state:not at safepoint (normal execution)

VM Mutex/Monitor currently owned by a thread: None

heap address: 0x0000000080000000, size: 2048 MB, Compressed Oops mode: 32-bit
Narrow klass base: 0x0000000000000000, Narrow klass shift: 3
Compressed class space size: 1073741824 Address: 0x0000000100000000

Heap:
 PSYoungGen      total 171520K, used 53866K [0x00000000d5580000, 0x00000000e0c00000, 0x0000000100000000)
  eden space 163840K, 28% used [0x00000000d5580000,0x00000000d829bf90,0x00000000df580000)
  from space 7680K, 99% used [0x00000000e0000000,0x00000000e077e9c0,0x00000000e0780000)
  to   space 10752K, 0% used [0x00000000df580000,0x00000000df580000,0x00000000e0000000)
 ParOldGen       total 36864K, used 15584K [0x0000000080000000, 0x0000000082400000, 0x00000000d5580000)
  object space 36864K, 42% used [0x0000000080000000,0x0000000080f38288,0x0000000082400000)
 Metaspace       used 30594K, capacity 31458K, committed 31616K, reserved 1077248K
  class space    used 3635K, capacity 3878K, committed 3968K, reserved 1048576K

Card table byte_map: [0x0000000011df0000,0x0000000012200000] byte_map_base: 0x00000000119f0000

Marking Bits: (ParMarkBitMap*) 0x00000000747c1f00
 Begin Bits: [0x00000000128b0000, 0x00000000148b0000)
 End Bits:   [0x00000000148b0000, 0x00000000168b0000)

Polling page: 0x0000000000d70000

CodeCache: size=245760Kb used=12439Kb max_used=12450Kb free=233321Kb
 bounds [0x0000000002a30000, 0x0000000003660000, 0x0000000011a30000]
 total_blobs=3701 nmethods=3010 adapters=601
 compilation: enabled

Compilation events (10 events):
Event: 16.962 Thread 0x0000000018dcb800 3058       3       org.codehaus.groovy.control.ResolveVisitor$ConstructedClassWithPackage::<init> (42 bytes)
Event: 16.963 Thread 0x0000000018dcb800 nmethod 3058 0x0000000003656b50 code [0x0000000003656d20, 0x0000000003657558]
Event: 16.995 Thread 0x0000000018dc5800 nmethod 3055 0x000000000365ca90 code [0x000000000365cc80, 0x000000000365dca8]
Event: 17.007 Thread 0x0000000018dc8800 3059       4       java.net.URLClassLoader$1::run (5 bytes)
Event: 17.007 Thread 0x0000000018dc5800 3060   !   4       java.net.URLClassLoader$1::run (63 bytes)
Event: 17.027 Thread 0x0000000018dcb800 3061       3       java.security.PrivilegedActionException::<init> (14 bytes)
Event: 17.028 Thread 0x0000000018dcb800 nmethod 3061 0x00000000036566d0 code [0x0000000003656840, 0x0000000003656a68]
Event: 17.045 Thread 0x0000000018dcb800 3062       3       org.codehaus.groovy.ast.ClassNode::hashCode (23 bytes)
Event: 17.045 Thread 0x0000000018dcb800 nmethod 3062 0x000000000365c050 code [0x000000000365c200, 0x000000000365c8b8]
Event: 17.062 Thread 0x0000000018dcb800 3063   !   3       sun.misc.URLClassPath$JarLoader$1::run (184 bytes)

GC Heap History (10 events):
Event: 4.044 GC heap before
{Heap before GC invocations=7 (full 0):
 PSYoungGen      total 69632K, used 69211K [0x00000000d5580000, 0x00000000d9f80000, 0x0000000100000000)
  eden space 65024K, 100% used [0x00000000d5580000,0x00000000d9500000,0x00000000d9500000)
  from space 4608K, 90% used [0x00000000d9a00000,0x00000000d9e16d58,0x00000000d9e80000)
  to   space 5120K, 0% used [0x00000000d9500000,0x00000000d9500000,0x00000000d9a00000)
 ParOldGen       total 44032K, used 3701K [0x0000000080000000, 0x0000000082b00000, 0x00000000d5580000)
  object space 44032K, 8% used [0x0000000080000000,0x000000008039d4e0,0x0000000082b00000)
 Metaspace       used 17818K, capacity 18080K, committed 18560K, reserved 1064960K
  class space    used 1942K, capacity 2068K, committed 2176K, reserved 1048576K
Event: 4.059 GC heap after
Heap after GC invocations=7 (full 0):
 PSYoungGen      total 70144K, used 5114K [0x00000000d5580000, 0x00000000de280000, 0x0000000100000000)
  eden space 65024K, 0% used [0x00000000d5580000,0x00000000d5580000,0x00000000d9500000)
  from space 5120K, 99% used [0x00000000d9500000,0x00000000d99fea08,0x00000000d9a00000)
  to   space 7168K, 0% used [0x00000000ddb80000,0x00000000ddb80000,0x00000000de280000)
 ParOldGen       total 44032K, used 6303K [0x0000000080000000, 0x0000000082b00000, 0x00000000d5580000)
  object space 44032K, 14% used [0x0000000080000000,0x0000000080627e10,0x0000000082b00000)
 Metaspace       used 17818K, capacity 18080K, committed 18560K, reserved 1064960K
  class space    used 1942K, capacity 2068K, committed 2176K, reserved 1048576K
}
Event: 5.047 GC heap before
{Heap before GC invocations=8 (full 0):
 PSYoungGen      total 70144K, used 56977K [0x00000000d5580000, 0x00000000de280000, 0x0000000100000000)
  eden space 65024K, 79% used [0x00000000d5580000,0x00000000d8825d60,0x00000000d9500000)
  from space 5120K, 99% used [0x00000000d9500000,0x00000000d99fea08,0x00000000d9a00000)
  to   space 7168K, 0% used [0x00000000ddb80000,0x00000000ddb80000,0x00000000de280000)
 ParOldGen       total 44032K, used 6303K [0x0000000080000000, 0x0000000082b00000, 0x00000000d5580000)
  object space 44032K, 14% used [0x0000000080000000,0x0000000080627e10,0x0000000082b00000)
 Metaspace       used 20786K, capacity 21068K, committed 21296K, reserved 1069056K
  class space    used 2308K, capacity 2422K, committed 2432K, reserved 1048576K
Event: 5.061 GC heap after
Heap after GC invocations=8 (full 0):
 PSYoungGen      total 136704K, used 6273K [0x00000000d5580000, 0x00000000de380000, 0x0000000100000000)
  eden space 129536K, 0% used [0x00000000d5580000,0x00000000d5580000,0x00000000dd400000)
  from space 7168K, 87% used [0x00000000ddb80000,0x00000000de1a0550,0x00000000de280000)
  to   space 7680K, 0% used [0x00000000dd400000,0x00000000dd400000,0x00000000ddb80000)
 ParOldGen       total 44032K, used 7383K [0x0000000080000000, 0x0000000082b00000, 0x00000000d5580000)
  object space 44032K, 16% used [0x0000000080000000,0x0000000080735e30,0x0000000082b00000)
 Metaspace       used 20786K, capacity 21068K, committed 21296K, reserved 1069056K
  class space    used 2308K, capacity 2422K, committed 2432K, reserved 1048576K
}
Event: 5.061 GC heap before
{Heap before GC invocations=9 (full 1):
 PSYoungGen      total 136704K, used 6273K [0x00000000d5580000, 0x00000000de380000, 0x0000000100000000)
  eden space 129536K, 0% used [0x00000000d5580000,0x00000000d5580000,0x00000000dd400000)
  from space 7168K, 87% used [0x00000000ddb80000,0x00000000de1a0550,0x00000000de280000)
  to   space 7680K, 0% used [0x00000000dd400000,0x00000000dd400000,0x00000000ddb80000)
 ParOldGen       total 44032K, used 7383K [0x0000000080000000, 0x0000000082b00000, 0x00000000d5580000)
  object space 44032K, 16% used [0x0000000080000000,0x0000000080735e30,0x0000000082b00000)
 Metaspace       used 20786K, capacity 21068K, committed 21296K, reserved 1069056K
  class space    used 2308K, capacity 2422K, committed 2432K, reserved 1048576K
Event: 5.127 GC heap after
Heap after GC invocations=9 (full 1):
 PSYoungGen      total 136704K, used 0K [0x00000000d5580000, 0x00000000de380000, 0x0000000100000000)
  eden space 129536K, 0% used [0x00000000d5580000,0x00000000d5580000,0x00000000dd400000)
  from space 7168K, 0% used [0x00000000ddb80000,0x00000000ddb80000,0x00000000de280000)
  to   space 7680K, 0% used [0x00000000dd400000,0x00000000dd400000,0x00000000ddb80000)
 ParOldGen       total 36864K, used 9587K [0x0000000080000000, 0x0000000082400000, 0x00000000d5580000)
  object space 36864K, 26% used [0x0000000080000000,0x000000008095cfd0,0x0000000082400000)
 Metaspace       used 20786K, capacity 21068K, committed 21296K, reserved 1069056K
  class space    used 2308K, capacity 2422K, committed 2432K, reserved 1048576K
}
Event: 6.418 GC heap before
{Heap before GC invocations=10 (full 1):
 PSYoungGen      total 136704K, used 129536K [0x00000000d5580000, 0x00000000de380000, 0x0000000100000000)
  eden space 129536K, 100% used [0x00000000d5580000,0x00000000dd400000,0x00000000dd400000)
  from space 7168K, 0% used [0x00000000ddb80000,0x00000000ddb80000,0x00000000de280000)
  to   space 7680K, 0% used [0x00000000dd400000,0x00000000dd400000,0x00000000ddb80000)
 ParOldGen       total 36864K, used 9587K [0x0000000080000000, 0x0000000082400000, 0x00000000d5580000)
  object space 36864K, 26% used [0x0000000080000000,0x000000008095cfd0,0x0000000082400000)
 Metaspace       used 22153K, capacity 22456K, committed 22704K, reserved 1069056K
  class space    used 2425K, capacity 2541K, committed 2560K, reserved 1048576K
Event: 6.423 GC heap after
Heap after GC invocations=10 (full 1):
 PSYoungGen      total 137216K, used 2688K [0x00000000d5580000, 0x00000000e0780000, 0x0000000100000000)
  eden space 129536K, 0% used [0x00000000d5580000,0x00000000d5580000,0x00000000dd400000)
  from space 7680K, 35% used [0x00000000dd400000,0x00000000dd6a03b8,0x00000000ddb80000)
  to   space 7680K, 0% used [0x00000000e0000000,0x00000000e0000000,0x00000000e0780000)
 ParOldGen       total 36864K, used 9587K [0x0000000080000000, 0x0000000082400000, 0x00000000d5580000)
  object space 36864K, 26% used [0x0000000080000000,0x000000008095cfd0,0x0000000082400000)
 Metaspace       used 22153K, capacity 22456K, committed 22704K, reserved 1069056K
  class space    used 2425K, capacity 2541K, committed 2560K, reserved 1048576K
}
Event: 11.674 GC heap before
{Heap before GC invocations=11 (full 1):
 PSYoungGen      total 137216K, used 132224K [0x00000000d5580000, 0x00000000e0780000, 0x0000000100000000)
  eden space 129536K, 100% used [0x00000000d5580000,0x00000000dd400000,0x00000000dd400000)
  from space 7680K, 35% used [0x00000000dd400000,0x00000000dd6a03b8,0x00000000ddb80000)
  to   space 7680K, 0% used [0x00000000e0000000,0x00000000e0000000,0x00000000e0780000)
 ParOldGen       total 36864K, used 9587K [0x0000000080000000, 0x0000000082400000, 0x00000000d5580000)
  object space 36864K, 26% used [0x0000000080000000,0x000000008095cfd0,0x0000000082400000)
 Metaspace       used 29596K, capacity 30392K, committed 30720K, reserved 1077248K
  class space    used 3508K, capacity 3741K, committed 3840K, reserved 1048576K
Event: 11.720 GC heap after
Heap after GC invocations=11 (full 1):
 PSYoungGen      total 171520K, used 7674K [0x00000000d5580000, 0x00000000e0c00000, 0x0000000100000000)
  eden space 163840K, 0% used [0x00000000d5580000,0x00000000d5580000,0x00000000df580000)
  from space 7680K, 99% used [0x00000000e0000000,0x00000000e077e9c0,0x00000000e0780000)
  to   space 10752K, 0% used [0x00000000df580000,0x00000000df580000,0x00000000e0000000)
 ParOldGen       total 36864K, used 15584K [0x0000000080000000, 0x0000000082400000, 0x00000000d5580000)
  object space 36864K, 42% used [0x0000000080000000,0x0000000080f38288,0x0000000082400000)
 Metaspace       used 29596K, capacity 30392K, committed 30720K, reserved 1077248K
  class space    used 3508K, capacity 3741K, committed 3840K, reserved 1048576K
}

Deoptimization events (10 events):
Event: 10.380 Thread 0x000000000293c000 Uncommon trap: reason=class_check action=maybe_recompile pc=0x000000000333499c method=java.util.HashSet.contains(Ljava/lang/Object;)Z @ 5
Event: 10.381 Thread 0x000000000293c000 Uncommon trap: reason=class_check action=maybe_recompile pc=0x000000000333499c method=java.util.HashSet.contains(Ljava/lang/Object;)Z @ 5
Event: 11.736 Thread 0x000000000293c000 Uncommon trap: reason=class_check action=maybe_recompile pc=0x0000000003568b84 method=org.openqa.selenium.json.Input.init()V @ 18
Event: 11.737 Thread 0x000000000293c000 Uncommon trap: reason=class_check action=maybe_recompile pc=0x0000000003568b84 method=org.openqa.selenium.json.Input.init()V @ 18
Event: 11.737 Thread 0x000000000293c000 Uncommon trap: reason=class_check action=maybe_recompile pc=0x0000000003568b84 method=org.openqa.selenium.json.Input.init()V @ 18
Event: 11.737 Thread 0x000000000293c000 Uncommon trap: reason=class_check action=maybe_recompile pc=0x0000000003568b84 method=org.openqa.selenium.json.Input.init()V @ 18
Event: 11.849 Thread 0x000000000293c000 Uncommon trap: reason=bimorphic action=maybe_recompile pc=0x0000000002f61278 method=java.util.HashMap.putVal(ILjava/lang/Object;Ljava/lang/Object;ZZ)Ljava/lang/Object; @ 203
Event: 11.852 Thread 0x000000000293c000 Uncommon trap: reason=bimorphic action=maybe_recompile pc=0x0000000002f61278 method=java.util.HashMap.putVal(ILjava/lang/Object;Ljava/lang/Object;ZZ)Ljava/lang/Object; @ 203
Event: 11.853 Thread 0x000000000293c000 Uncommon trap: reason=bimorphic action=maybe_recompile pc=0x0000000002f61278 method=java.util.HashMap.putVal(ILjava/lang/Object;Ljava/lang/Object;ZZ)Ljava/lang/Object; @ 203
Event: 16.806 Thread 0x000000000293c000 Uncommon trap: reason=unstable_if action=reinterpret pc=0x00000000035a3bb0 method=java.lang.Character.isHighSurrogate(C)Z @ 3

Classes redefined (0 events):
No events

Internal exceptions (10 events):
Event: 16.809 Thread 0x000000000293c000 Exception <a 'java/lang/NoSuchMethodError': java.lang.Object.of(Ljava/lang/Object;)Ljava/util/stream/Stream;> (0x00000000d765bbb0) thrown at [C:\jenkins\workspace\zulu8-silver-build-win64\zulu-src\hotspot\src\share\vm\interpreter\linkResolver.cpp, line 62
Event: 16.821 Thread 0x000000000293c000 Exception <a 'java/net/SocketTimeoutException': Read timed out> (0x00000000d7686ce0) thrown at [C:\jenkins\workspace\zulu8-silver-build-win64\zulu-src\hotspot\src\share\vm\prims\jni.cpp, line 738]
Event: 16.990 Thread 0x000000000293c000 Exception <a 'java/security/PrivilegedActionException'> (0x00000000d7a19638) thrown at [C:\jenkins\workspace\zulu8-silver-build-win64\zulu-src\hotspot\src\share\vm\prims\jvm.cpp, line 1529]
Event: 16.990 Thread 0x000000000293c000 Exception <a 'java/security/PrivilegedActionException'> (0x00000000d7a19c18) thrown at [C:\jenkins\workspace\zulu8-silver-build-win64\zulu-src\hotspot\src\share\vm\prims\jvm.cpp, line 1529]
Event: 16.991 Thread 0x000000000293c000 Exception <a 'java/security/PrivilegedActionException'> (0x00000000d7a2c690) thrown at [C:\jenkins\workspace\zulu8-silver-build-win64\zulu-src\hotspot\src\share\vm\prims\jvm.cpp, line 1529]
Event: 16.991 Thread 0x000000000293c000 Exception <a 'java/security/PrivilegedActionException'> (0x00000000d7a2cc70) thrown at [C:\jenkins\workspace\zulu8-silver-build-win64\zulu-src\hotspot\src\share\vm\prims\jvm.cpp, line 1529]
Event: 17.026 Thread 0x000000000293c000 Exception <a 'java/security/PrivilegedActionException'> (0x00000000d7c23600) thrown at [C:\jenkins\workspace\zulu8-silver-build-win64\zulu-src\hotspot\src\share\vm\prims\jvm.cpp, line 1529]
Event: 17.026 Thread 0x000000000293c000 Exception <a 'java/security/PrivilegedActionException'> (0x00000000d7c23be0) thrown at [C:\jenkins\workspace\zulu8-silver-build-win64\zulu-src\hotspot\src\share\vm\prims\jvm.cpp, line 1529]
Event: 17.027 Thread 0x000000000293c000 Exception <a 'java/security/PrivilegedActionException'> (0x00000000d7c35098) thrown at [C:\jenkins\workspace\zulu8-silver-build-win64\zulu-src\hotspot\src\share\vm\prims\jvm.cpp, line 1529]
Event: 17.028 Thread 0x000000000293c000 Exception <a 'java/security/PrivilegedActionException'> (0x00000000d7c35678) thrown at [C:\jenkins\workspace\zulu8-silver-build-win64\zulu-src\hotspot\src\share\vm\prims\jvm.cpp, line 1529]

Events (10 events):
Event: 17.051 loading class java/net/com$kms$katalon$core$testdata$TestDataFactory
Event: 17.051 loading class java/net/com$kms$katalon$core$testdata$TestDataFactory done
Event: 17.053 loading class java/util/com$kms$katalon$core$testdata$TestDataFactory
Event: 17.053 loading class java/util/com$kms$katalon$core$testdata$TestDataFactory done
Event: 17.054 loading class groovy/lang/com$kms$katalon$core$testdata$TestDataFactory
Event: 17.054 loading class groovy/lang/com$kms$katalon$core$testdata$TestDataFactory done
Event: 17.058 loading class groovy/util/com$kms$katalon$core$testdata$TestDataFactory
Event: 17.058 loading class groovy/util/com$kms$katalon$core$testdata$TestDataFactory done
Event: 17.061 loading class com$kms$katalon$core$testdata$TestDataFactory
Event: 17.061 loading class com$kms$katalon$core$testdata$TestDataFactory done


Dynamic libraries:
0x00007ff638a30000 - 0x00007ff638a65000 	E:\Katalon_Studio_Windows_64-8.2.0\jre\bin\javaw.exe
0x00007ffc34c50000 - 0x00007ffc34e45000 	C:\WINDOWS\SYSTEM32\ntdll.dll
0x00007ffc33a50000 - 0x00007ffc33b0e000 	C:\WINDOWS\System32\KERNEL32.DLL
0x00007ffc324d0000 - 0x00007ffc32798000 	C:\WINDOWS\System32\KERNELBASE.dll
0x00007ffc33930000 - 0x00007ffc339dc000 	C:\WINDOWS\System32\ADVAPI32.dll
0x00007ffc341c0000 - 0x00007ffc3425e000 	C:\WINDOWS\System32\msvcrt.dll
0x00007ffc33d50000 - 0x00007ffc33deb000 	C:\WINDOWS\System32\sechost.dll
0x00007ffc33b10000 - 0x00007ffc33c3a000 	C:\WINDOWS\System32\RPCRT4.dll
0x00007ffc34010000 - 0x00007ffc341b1000 	C:\WINDOWS\System32\USER32.dll
0x00007ffc32c60000 - 0x00007ffc32c82000 	C:\WINDOWS\System32\win32u.dll
0x00007ffc33d20000 - 0x00007ffc33d4b000 	C:\WINDOWS\System32\GDI32.dll
0x00007ffc327a0000 - 0x00007ffc328ad000 	C:\WINDOWS\System32\gdi32full.dll
0x00007ffc328b0000 - 0x00007ffc3294d000 	C:\WINDOWS\System32\msvcp_win.dll
0x00007ffc32ab0000 - 0x00007ffc32bb0000 	C:\WINDOWS\System32\ucrtbase.dll
0x00007ffc31760000 - 0x00007ffc319fa000 	C:\WINDOWS\WinSxS\amd64_microsoft.windows.common-controls_6595b64144ccf1df_6.0.19041.1110_none_60b5254171f9507e\COMCTL32.dll
0x00007ffc33fe0000 - 0x00007ffc34010000 	C:\WINDOWS\System32\IMM32.DLL
0x0000000073ea0000 - 0x0000000073f72000 	E:\Katalon_Studio_Windows_64-8.2.0\jre\bin\msvcr100.dll
0x0000000073f80000 - 0x0000000074845000 	E:\Katalon_Studio_Windows_64-8.2.0\jre\bin\server\jvm.dll
0x00007ffc33c40000 - 0x00007ffc33c48000 	C:\WINDOWS\System32\PSAPI.DLL
0x00007ffc1dea0000 - 0x00007ffc1dea9000 	C:\WINDOWS\SYSTEM32\WSOCK32.dll
0x00007ffc1fe60000 - 0x00007ffc1fe87000 	C:\WINDOWS\SYSTEM32\WINMM.dll
0x00007ffc339e0000 - 0x00007ffc33a4b000 	C:\WINDOWS\System32\WS2_32.dll
0x00007ffc28950000 - 0x00007ffc2895a000 	C:\WINDOWS\SYSTEM32\VERSION.dll
0x00007ffc2ca30000 - 0x00007ffc2ca3f000 	E:\Katalon_Studio_Windows_64-8.2.0\jre\bin\verify.dll
0x00007ffc232e0000 - 0x00007ffc23309000 	E:\Katalon_Studio_Windows_64-8.2.0\jre\bin\java.dll
0x00007ffc1f650000 - 0x00007ffc1f666000 	E:\Katalon_Studio_Windows_64-8.2.0\jre\bin\zip.dll
0x00007ffc33180000 - 0x00007ffc338c4000 	C:\WINDOWS\System32\SHELL32.dll
0x00007ffc2fbe0000 - 0x00007ffc30374000 	C:\WINDOWS\SYSTEM32\windows.storage.dll
0x00007ffc32e20000 - 0x00007ffc33175000 	C:\WINDOWS\System32\combase.dll
0x00007ffc316c0000 - 0x00007ffc316ee000 	C:\WINDOWS\SYSTEM32\Wldp.dll
0x00007ffc33df0000 - 0x00007ffc33e9d000 	C:\WINDOWS\System32\SHCORE.dll
0x00007ffc32ca0000 - 0x00007ffc32cf5000 	C:\WINDOWS\System32\shlwapi.dll
0x00007ffc322a0000 - 0x00007ffc322bf000 	C:\WINDOWS\SYSTEM32\profapi.dll
0x00007ffc1f630000 - 0x00007ffc1f64b000 	E:\Katalon_Studio_Windows_64-8.2.0\jre\bin\net.dll
0x00007ffc31590000 - 0x00007ffc315fa000 	C:\WINDOWS\system32\mswsock.dll
0x00007ffc1f610000 - 0x00007ffc1f621000 	E:\Katalon_Studio_Windows_64-8.2.0\jre\bin\nio.dll
0x00007ffc31150000 - 0x00007ffc3121b000 	C:\WINDOWS\SYSTEM32\DNSAPI.dll
0x00007ffc31110000 - 0x00007ffc3114b000 	C:\WINDOWS\SYSTEM32\IPHLPAPI.DLL
0x00007ffc32c90000 - 0x00007ffc32c98000 	C:\WINDOWS\System32\NSI.dll
0x00007ffc1f560000 - 0x00007ffc1f56a000 	C:\Windows\System32\rasadhlp.dll
0x00007ffc1fd20000 - 0x00007ffc1fd9f000 	C:\WINDOWS\System32\fwpuclnt.dll
0x00007ffc323f0000 - 0x00007ffc32417000 	C:\WINDOWS\System32\bcrypt.dll
0x00007ffc12420000 - 0x00007ffc12444000 	E:\Katalon_Studio_Windows_64-8.2.0\jre\bin\sunec.dll
0x00007ffc2b0c0000 - 0x00007ffc2b0cc000 	E:\Katalon_Studio_Windows_64-8.2.0\jre\bin\sunmscapi.dll
0x00007ffc32950000 - 0x00007ffc32aa6000 	C:\WINDOWS\System32\CRYPT32.dll
0x00007ffc31730000 - 0x00007ffc31757000 	C:\WINDOWS\SYSTEM32\ncrypt.dll
0x00007ffc316f0000 - 0x00007ffc3172b000 	C:\WINDOWS\SYSTEM32\NTASN1.dll
0x00007ffc320e0000 - 0x00007ffc320f8000 	C:\WINDOWS\SYSTEM32\CRYPTSP.dll
0x00007ffc30dc0000 - 0x00007ffc30df4000 	C:\WINDOWS\system32\rsaenh.dll
0x00007ffc32260000 - 0x00007ffc3228e000 	C:\WINDOWS\SYSTEM32\USERENV.dll
0x00007ffc32360000 - 0x00007ffc323e2000 	C:\WINDOWS\System32\bcryptprimitives.dll
0x00007ffc31680000 - 0x00007ffc3168c000 	C:\WINDOWS\SYSTEM32\CRYPTBASE.dll
0x00007ffc292a0000 - 0x00007ffc292b7000 	C:\WINDOWS\SYSTEM32\dhcpcsvc6.DLL
0x00007ffc293d0000 - 0x00007ffc293ed000 	C:\WINDOWS\SYSTEM32\dhcpcsvc.DLL

VM Arguments:
jvm_args: -Dgroovy.home=C:\Users\dell/.groovy -Djava.system.class.loader=groovy.lang.GroovyClassLoader -Xmx2048m -Dfile.encoding=UTF-8 
java_command: org.codehaus.groovy.tools.GroovyStarter --classpath C:\Users\dell\Katalon Studio\Project1\bin\keyword;C:\Users\dell\Katalon Studio\Project1\Keywords;C:\Users\dell\Katalon Studio\Project1\bin\listener;C:\Users\dell\Katalon Studio\Project1\Test Listeners;C:\Users\dell\Katalon Studio\Project1\bin\lib;C:\Users\dell\Katalon Studio\Project1\Libs;C:\Users\dell\Katalon Studio\Project1\bin\groovy;C:\Users\dell\Katalon Studio\Project1\Include\scripts\groovy;E:\Katalon_Studio_Windows_64-8.2.0\plugins\com.kms.katalon.core_1.0.0.202111170230.jar;E:\Katalon_Studio_Windows_64-8.2.0\configuration\resources\lib\aalto-xml-1.0.0.jar;E:\Katalon_Studio_Windows_64-8.2.0\configuration\resources\lib\aspectjweaver-1.9.1.jar;E:\Katalon_Studio_Windows_64-8.2.0\configuration\resources\lib\bcpkix-jdk15on-1.64.jar;E:\Katalon_Studio_Windows_64-8.2.0\configuration\resources\lib\bcprov-jdk15on-1.64.jar;E:\Katalon_Studio_Windows_64-8.2.0\configuration\resources\lib\browsermob-core-2.1.5.jar;E:\Katalon_Studio_Windows_64-8.2.0\configuration\resources\lib\cglib-3.2.10.jar;E:\Katalon_Studio_Windows_64-8.2.0\configuration\resources\lib\commons-codec-1.10.jar;E:\Katalon_Studio_Windows_64-8.2.0\configuration\resources\lib\commons-collections4-4.1.jar;E:\Katalon_Studio_Windows_64-8.2.0\configuration\resources\lib\commons-validator-1.6.jar;E:\Katalon_Studio_Windows_64-8.2.0\configuration\resources\lib\curvesapi-1.04.jar;E:\Katalon_Studio_Windows_64-8.2.0\configuration\resources\lib\dnsjava-2.1.8.jar;E:\Katalon_Studio_Windows_64-8.2.0\configuration\resources\lib\java-client-7.0.0.jar;E:\Katalon_Studio_Windows_64-8.2.0\configuration\resources\lib\jna-4.1.0.jar;E:\Katalon_Studio_Windows_64-8.2.0\configuration\resources\lib\jna-platform-4.1.0.jar;E:\Katalon_Studio_Windows_64-8.2.0\configuration\resources\lib\jzlib-1.1.3.jar;E:\Katalon_Studio_Windows_64-8.2.0\configuration\resources\lib\kat-server.jar;E:\Katalon_Studio_Windows_64-8.2.0\configuration\resources\lib\littleproxy-1.1.0-beta-bmp-17.jar;
java_class_path (initial): C:\Users\dell\Katalon Studio\Project1\bin\keyword;C:\Users\dell\Katalon Studio\Project1\bin\listener;C:\Users\dell\Katalon Studio\Project1\bin\lib;C:\Users\dell\Katalon Studio\Project1\bin\groovy;C:\Users\dell\Katalon Studio\Project1\bin;E:\Katalon_Studio_Windows_64-8.2.0\plugins\com.kms.katalon.core_1.0.0.202111170230.jar;E:\Katalon_Studio_Windows_64-8.2.0\configuration\resources\lib\aalto-xml-1.0.0.jar;E:\Katalon_Studio_Windows_64-8.2.0\configuration\resources\lib\aspectjweaver-1.9.1.jar;E:\Katalon_Studio_Windows_64-8.2.0\configuration\resources\lib\bcpkix-jdk15on-1.64.jar;E:\Katalon_Studio_Windows_64-8.2.0\configuration\resources\lib\bcprov-jdk15on-1.64.jar;E:\Katalon_Studio_Windows_64-8.2.0\configuration\resources\lib\browsermob-core-2.1.5.jar;E:\Katalon_Studio_Windows_64-8.2.0\configuration\resources\lib\cglib-3.2.10.jar;E:\Katalon_Studio_Windows_64-8.2.0\configuration\resources\lib\commons-codec-1.10.jar;E:\Katalon_Studio_Windows_64-8.2.0\configuration\resources\lib\commons-collections4-4.1.jar;E:\Katalon_Studio_Windows_64-8.2.0\configuration\resources\lib\commons-validator-1.6.jar;E:\Katalon_Studio_Windows_64-8.2.0\configuration\resources\lib\curvesapi-1.04.jar;E:\Katalon_Studio_Windows_64-8.2.0\configuration\resources\lib\dnsjava-2.1.8.jar;E:\Katalon_Studio_Windows_64-8.2.0\configuration\resources\lib\java-client-7.0.0.jar;E:\Katalon_Studio_Windows_64-8.2.0\configuration\resources\lib\jna-4.1.0.jar;E:\Katalon_Studio_Windows_64-8.2.0\configuration\resources\lib\jna-platform-4.1.0.jar;E:\Katalon_Studio_Windows_64-8.2.0\configuration\resources\lib\jzlib-1.1.3.jar;E:\Katalon_Studio_Windows_64-8.2.0\configuration\resources\lib\kat-server.jar;E:\Katalon_Studio_Windows_64-8.2.0\configuration\resources\lib\littleproxy-1.1.0-beta-bmp-17.jar;E:\Katalon_Studio_Windows_64-8.2.0\configuration\resources\lib\mitm-2.1.5.jar;E:\Katalon_Studio_Windows_64-8.2.0\configuration\resources\lib\netty-all-4.1.52.Final.jar;E:\Katalon_Studio_Windows_64-8.2.
Launcher Type: SUN_STANDARD

Environment Variables:
JAVA_HOME=C:\Program Files (x86)\Java\jdk1.8.0_311
PATH=E:/Katalon_Studio_Windows_64-8.2.0/jre/bin/server;E:/Katalon_Studio_Windows_64-8.2.0/jre/bin;E:/Katalon_Studio_Windows_64-8.2.0/jre/lib/amd64;C:\Program Files (x86)\Common Files\Oracle\Java\javapath;C:\WINDOWS\system32;C:\WINDOWS;C:\WINDOWS\System32\Wbem;C:\WINDOWS\System32\WindowsPowerShell\v1.0\;C:\WINDOWS\System32\OpenSSH\;C:\Maven\apache-maven-3.8.4\bin;C:\Program Files\nodejs\;C:\Users\dell\AppData\Local\Android\Sdk\tools\bin;C:\Users\dell\AppData\Local\Android\Sdk\tools;C:\Users\dell\AppData\Local\Android\Sdk\platform-tools;C:\Program Files\nodejs\node_modules\npm\bin;C:\Users\dell\AppData\Local\Microsoft\WindowsApps;C:\Users\dell\AppData\Roaming\npm;E:\Katalon_Studio_Windows_64-8.2.0;
USERNAME=dell
OS=Windows_NT
PROCESSOR_IDENTIFIER=Intel64 Family 6 Model 78 Stepping 3, GenuineIntel



---------------  S Y S T E M  ---------------

OS: Windows 10.0 , 64 bit Build 19041 (10.0.19041.1348)

CPU:total 4 (initial active 4) (2 cores per cpu, 2 threads per core) family 6 model 78 stepping 3, cmov, cx8, fxsr, mmx, sse, sse2, sse3, ssse3, sse4.1, sse4.2, popcnt, avx, avx2, aes, clmul, erms, 3dnowpref, lzcnt, ht, tsc, tscinvbit, bmi1, bmi2, adx

Memory: 4k page, physical 4082604k(332680k free), swap 9165740k(5392k free)

vm_info: OpenJDK 64-Bit Server VM (25.282-b08) for windows-amd64 JRE (Zulu 8.52.0.23-CA-win64) (1.8.0_282-b08), built on Jan 12 2021 07:45:49 by "tester" with MS VC++ 10.0 (VS2010)

time: Wed Jan 12 16:47:32 2022
timezone: India Standard Time
elapsed time: 17.082019 seconds (0d 0h 0m 17s)

